mktextfm simfang
mktextfm simfang
mktextfm simfang
mktextfm simfang/BI
mktextfm simfang
mktextfm simfang/B
mktextfm simfang
mktextfm simfang/I
mktextfm simfang
mktextfm simfang
mktextfm FangSong_GB2312
mktextfm FangSong_GB2312
mktextfm FangSong_GB2312
mktextfm FangSong_GB2312/BI
mktextfm FangSong_GB2312
mktextfm FangSong_GB2312/B
mktextfm FangSong_GB2312
mktextfm FangSong_GB2312/I
mktextfm FangSong_GB2312
mktextfm FangSong_GB2312
mktextfm FangSong_GB2312
mktextfm FangSong_GB2312
mktextfm FangSong_GB2312
