\BOOKMARK [0][-]{chapter.1}{\376\377\176\352\213\272}{}% 1
\BOOKMARK [1][-]{section.1.1}{\376\377\170\024\172\166\200\314\146\157}{chapter.1}% 2
\BOOKMARK [1][-]{section.1.2}{\376\377\170\024\172\166\163\260\162\266}{chapter.1}% 3
\BOOKMARK [1][-]{section.1.3}{\376\377\213\276\213\241\140\035\215\357}{chapter.1}% 4
\BOOKMARK [0][-]{chapter.2}{\376\377\232\330\220\037\140\047\200\375\213\241\173\227}{}% 5
\BOOKMARK [1][-]{section.2.1}{\376\377\000B\000A\000D\000A\152\041\127\213\173\200\116\313}{chapter.2}% 6
\BOOKMARK [1][-]{section.2.2}{\376\377\000B\000A\000D\000A\152\041\127\213\140\047\200\375\213\241\173\227}{chapter.2}% 7
\BOOKMARK [2][-]{subsection.2.2.1}{\376\377\150\007\121\306\131\047\154\024\152\041\127\213}{section.2.2}% 8
\BOOKMARK [2][-]{subsection.2.2.2}{\376\377\202\052\172\172\126\150\220\037\136\246}{section.2.2}% 9
\BOOKMARK [2][-]{subsection.2.2.3}{\376\377\202\052\172\172\126\150\217\320\210\114\217\271\165\114}{section.2.2}% 10
\BOOKMARK [2][-]{subsection.2.2.4}{\376\377\202\052\172\172\126\150\154\024\122\250\152\041\127\213}{section.2.2}% 11
\BOOKMARK [2][-]{subsection.2.2.5}{\376\377\154\271\200\027\152\041\127\213}{section.2.2}% 12
\BOOKMARK [2][-]{subsection.2.2.6}{\376\377\202\052\172\172\126\150\147\072\122\250\140\047\200\375}{section.2.2}% 13
\BOOKMARK [1][-]{section.2.3}{\376\377\000B\000A\000D\000A\140\047\200\375\213\241\173\227\177\026\172\013}{chapter.2}% 14
\BOOKMARK [0][-]{chapter.3}{\376\377\117\116\220\037\140\047\200\375\213\241\173\227}{}% 15
\BOOKMARK [1][-]{section.3.1}{\376\377\230\336\147\072\213\276\213\241\140\047\200\375\173\200\116\313}{chapter.3}% 16
\BOOKMARK [1][-]{section.3.2}{\376\377\230\336\147\072\213\276\213\241\117\116\220\037\140\047\200\375\213\241\173\227}{chapter.3}% 17
\BOOKMARK [2][-]{subsection.3.2.1}{\376\377\215\167\230\336\215\335\171\273\213\241\173\227}{section.3.2}% 18
\BOOKMARK [2][-]{subsection.3.2.2}{\376\377\136\163\210\141\127\072\225\177\213\241\173\227}{section.3.2}% 19
\BOOKMARK [2][-]{subsection.3.2.3}{\376\377\167\100\226\106\215\335\171\273\213\241\173\227}{section.3.2}% 20
\BOOKMARK [1][-]{section.3.3}{\376\377\117\116\220\037\140\047\200\375\213\241\173\227\177\026\172\013}{chapter.3}% 21
\BOOKMARK [0][-]{chapter.4}{\376\377\116\377\167\037\136\163\123\360\137\000\123\321}{}% 22
\BOOKMARK [1][-]{section.4.1}{\376\377\116\377\167\037\136\163\123\360\173\200\217\360}{chapter.4}% 23
\BOOKMARK [1][-]{section.4.2}{\376\377\116\377\167\037\136\163\123\360\213\276\213\241}{chapter.4}% 24
\BOOKMARK [2][-]{subsection.4.2.1}{\376\377\154\024\122\250\162\171\140\047}{section.4.2}% 25
\BOOKMARK [2][-]{subsection.4.2.2}{\376\377\122\006\147\220\140\047\200\375\145\271\154\325}{section.4.2}% 26
\BOOKMARK [2][-]{subsection.4.2.3}{\376\377\230\336\147\072\217\320\210\114\217\271\165\114}{section.4.2}% 27
\BOOKMARK [2][-]{subsection.4.2.4}{\376\377\215\167\230\336\226\066\153\265}{section.4.2}% 28
\BOOKMARK [2][-]{subsection.4.2.5}{\376\377\162\054\123\107\226\066\153\265}{section.4.2}% 29
\BOOKMARK [2][-]{subsection.4.2.6}{\376\377\135\341\202\052\226\066\153\265}{section.4.2}% 30
\BOOKMARK [2][-]{subsection.4.2.7}{\376\377\116\013\226\115\226\066\153\265}{section.4.2}% 31
\BOOKMARK [1][-]{section.4.3}{\376\377\116\377\167\037\136\163\123\360\217\157\116\366\213\276\213\241}{chapter.4}% 32
\BOOKMARK [0][-]{chapter.5}{\376\377\176\323\213\272}{}% 33
\BOOKMARK [0][-]{chapter*.35}{\376\377\123\302\200\003\145\207\163\056}{}% 34
\BOOKMARK [0][-]{chapter*.36}{\376\377\201\364\000\040\214\042}{}% 35
\BOOKMARK [0][-]{chapter*.37}{\376\377\226\104\137\125\377\032\131\026\145\207\177\373\213\321\215\104\145\231}{}% 36
